ERROR - 2025-09-09 09:39:16 --> Email: sendWithMail throwed ErrorException: mail(): Failed to connect to mailserver at &quot;localhost&quot; port 25, verify your &quot;SMTP&quot; and &quot;smtp_port&quot; setting in php.ini or use ini_set() in C:\xampp2\htdocs\Reposmexico\Web interna\escarh2.0\vendor\codeigniter4\framework\system\Email\Email.php:1764
Stack trace:
#0 [internal function]: CodeIgniter\Debug\Exceptions->errorHandler(2, 'mail(): Failed ...', 'C:\\xampp2\\htdoc...', 1764)
#1 C:\xampp2\htdocs\Reposmexico\Web interna\escarh2.0\vendor\codeigniter4\framework\system\Email\Email.php(1764): mail('uliseshernandez...', '=?UTF-8?Q?Regis...', 'This is a multi...', 'Date: Tue, 9 Se...', '-f desarrollo@e...')
#2 C:\xampp2\htdocs\Reposmexico\Web interna\escarh2.0\vendor\codeigniter4\framework\system\Email\Email.php(1696): CodeIgniter\Email\Email->sendWithMail()
#3 C:\xampp2\htdocs\Reposmexico\Web interna\escarh2.0\vendor\codeigniter4\framework\system\Email\Email.php(1591): CodeIgniter\Email\Email->spoolEmail()
#4 C:\xampp2\htdocs\Reposmexico\Web interna\escarh2.0\app\Controllers\Registros.php(66): CodeIgniter\Email\Email->send()
#5 C:\xampp2\htdocs\Reposmexico\Web interna\escarh2.0\vendor\codeigniter4\framework\system\CodeIgniter.php(933): App\Controllers\Registros->store()
#6 C:\xampp2\htdocs\Reposmexico\Web interna\escarh2.0\vendor\codeigniter4\framework\system\CodeIgniter.php(507): CodeIgniter\CodeIgniter->runController(Object(App\Controllers\Registros))
#7 C:\xampp2\htdocs\Reposmexico\Web interna\escarh2.0\vendor\codeigniter4\framework\system\CodeIgniter.php(354): CodeIgniter\CodeIgniter->handleRequest(NULL, Object(Config\Cache), false)
#8 C:\xampp2\htdocs\Reposmexico\Web interna\escarh2.0\vendor\codeigniter4\framework\system\Boot.php(334): CodeIgniter\CodeIgniter->run()
#9 C:\xampp2\htdocs\Reposmexico\Web interna\escarh2.0\vendor\codeigniter4\framework\system\Boot.php(67): CodeIgniter\Boot::runCodeIgniter(Object(CodeIgniter\CodeIgniter))
#10 C:\xampp2\htdocs\Reposmexico\Web interna\escarh2.0\public\index.php(56): CodeIgniter\Boot::bootWeb(Object(Config\Paths))
#11 C:\xampp2\htdocs\Reposmexico\Web interna\escarh2.0\vendor\codeigniter4\framework\system\rewrite.php(44): require_once('C:\\xampp2\\htdoc...')
#12 {main}
ERROR - 2025-09-09 09:39:16 --> Email: Unable to send email using PHP mail(). Your server might not be configured to send mail using this method.
ERROR - 2025-09-09 09:39:16 --> 
ERROR - 2025-09-09 09:39:16 --> Error al enviar correo: Unable to send email using PHP mail(). Your server might not be configured to send mail using this method.<br><pre>Date: Tue, 9 Sep 2025 09:39:14 -0600
From: &quot;ESCARH&quot; &lt;desarrollo@escarh.com&gt;
Return-Path: &lt;desarrollo@escarh.com&gt;
Reply-To: &lt;desarrollo@escarh.com&gt;
User-Agent: CodeIgniter
X-Sender: desarrollo@escarh.com
X-Mailer: CodeIgniter
X-Priority: 3 (Normal)
Message-ID: &lt;68c04a229cd857.98610227@escarh.com&gt;
Mime-Version: 1.0
Content-Type: multipart/alternative; boundary=&quot;B_ALT_68c04a229cda38.98346825&quot;
</pre>
ERROR - 2025-09-09 09:42:58 --> ErrorException: pg_query(): Query failed: ERROR:  error de sintaxis en o cerca de «FOREIGN»
LINE 1: ALTER TABLE postulaciones DROP FOREIGN KEY fk_postulacion_cv
                                       ^ in C:\xampp2\htdocs\Reposmexico\Web interna\escarh2.0\vendor\codeigniter4\framework\system\Database\Postgre\Connection.php:206
Stack trace:
#0 [internal function]: CodeIgniter\Debug\Exceptions->errorHandler(2, 'pg_query(): Que...', 'C:\\xampp2\\htdoc...', 206)
#1 C:\xampp2\htdocs\Reposmexico\Web interna\escarh2.0\vendor\codeigniter4\framework\system\Database\Postgre\Connection.php(206): pg_query(Object(PgSql\Connection), 'ALTER TABLE pos...')
#2 C:\xampp2\htdocs\Reposmexico\Web interna\escarh2.0\vendor\codeigniter4\framework\system\Database\BaseConnection.php(738): CodeIgniter\Database\Postgre\Connection->execute('ALTER TABLE pos...')
#3 C:\xampp2\htdocs\Reposmexico\Web interna\escarh2.0\vendor\codeigniter4\framework\system\Database\BaseConnection.php(652): CodeIgniter\Database\BaseConnection->simpleQuery('ALTER TABLE pos...')
#4 C:\xampp2\htdocs\Reposmexico\Web interna\escarh2.0\app\Database\Migrations\20250804202508_AddIdCvToPostulaciones.php(24): CodeIgniter\Database\BaseConnection->query('ALTER TABLE pos...')
#5 C:\xampp2\htdocs\Reposmexico\Web interna\escarh2.0\vendor\codeigniter4\framework\system\Database\MigrationRunner.php(866): App\Database\Migrations\AddIdCvToPostulaciones->down()
#6 C:\xampp2\htdocs\Reposmexico\Web interna\escarh2.0\vendor\codeigniter4\framework\system\Database\MigrationRunner.php(289): CodeIgniter\Database\MigrationRunner->migrate('down', Object(stdClass))
#7 C:\xampp2\htdocs\Reposmexico\Web interna\escarh2.0\vendor\codeigniter4\framework\system\Commands\Database\MigrateRollback.php(101): CodeIgniter\Database\MigrationRunner->regress(0)
#8 C:\xampp2\htdocs\Reposmexico\Web interna\escarh2.0\vendor\codeigniter4\framework\system\CLI\Commands.php(70): CodeIgniter\Commands\Database\MigrateRollback->run(Array)
#9 C:\xampp2\htdocs\Reposmexico\Web interna\escarh2.0\vendor\codeigniter4\framework\system\CLI\Console.php(48): CodeIgniter\CLI\Commands->run('migrate:rollbac...', Array)
#10 C:\xampp2\htdocs\Reposmexico\Web interna\escarh2.0\vendor\codeigniter4\framework\system\Boot.php(360): CodeIgniter\CLI\Console->run()
#11 C:\xampp2\htdocs\Reposmexico\Web interna\escarh2.0\vendor\codeigniter4\framework\system\Boot.php(104): CodeIgniter\Boot::runCommand(Object(CodeIgniter\CLI\Console))
#12 C:\xampp2\htdocs\Reposmexico\Web interna\escarh2.0\spark(84): CodeIgniter\Boot::bootSpark(Object(Config\Paths))
#13 {main}
ERROR - 2025-09-09 09:46:03 --> Email: sendWithMail throwed ErrorException: mail(): Failed to connect to mailserver at &quot;localhost&quot; port 25, verify your &quot;SMTP&quot; and &quot;smtp_port&quot; setting in php.ini or use ini_set() in C:\xampp2\htdocs\Reposmexico\Web interna\escarh2.0\vendor\codeigniter4\framework\system\Email\Email.php:1764
Stack trace:
#0 [internal function]: CodeIgniter\Debug\Exceptions->errorHandler(2, 'mail(): Failed ...', 'C:\\xampp2\\htdoc...', 1764)
#1 C:\xampp2\htdocs\Reposmexico\Web interna\escarh2.0\vendor\codeigniter4\framework\system\Email\Email.php(1764): mail('programacionart...', '=?UTF-8?Q?Regis...', 'This is a multi...', 'Date: Tue, 9 Se...', '-f desarrollo@e...')
#2 C:\xampp2\htdocs\Reposmexico\Web interna\escarh2.0\vendor\codeigniter4\framework\system\Email\Email.php(1696): CodeIgniter\Email\Email->sendWithMail()
#3 C:\xampp2\htdocs\Reposmexico\Web interna\escarh2.0\vendor\codeigniter4\framework\system\Email\Email.php(1591): CodeIgniter\Email\Email->spoolEmail()
#4 C:\xampp2\htdocs\Reposmexico\Web interna\escarh2.0\app\Controllers\Registros.php(66): CodeIgniter\Email\Email->send()
#5 C:\xampp2\htdocs\Reposmexico\Web interna\escarh2.0\vendor\codeigniter4\framework\system\CodeIgniter.php(933): App\Controllers\Registros->store()
#6 C:\xampp2\htdocs\Reposmexico\Web interna\escarh2.0\vendor\codeigniter4\framework\system\CodeIgniter.php(507): CodeIgniter\CodeIgniter->runController(Object(App\Controllers\Registros))
#7 C:\xampp2\htdocs\Reposmexico\Web interna\escarh2.0\vendor\codeigniter4\framework\system\CodeIgniter.php(354): CodeIgniter\CodeIgniter->handleRequest(NULL, Object(Config\Cache), false)
#8 C:\xampp2\htdocs\Reposmexico\Web interna\escarh2.0\vendor\codeigniter4\framework\system\Boot.php(334): CodeIgniter\CodeIgniter->run()
#9 C:\xampp2\htdocs\Reposmexico\Web interna\escarh2.0\vendor\codeigniter4\framework\system\Boot.php(67): CodeIgniter\Boot::runCodeIgniter(Object(CodeIgniter\CodeIgniter))
#10 C:\xampp2\htdocs\Reposmexico\Web interna\escarh2.0\public\index.php(56): CodeIgniter\Boot::bootWeb(Object(Config\Paths))
#11 C:\xampp2\htdocs\Reposmexico\Web interna\escarh2.0\vendor\codeigniter4\framework\system\rewrite.php(44): require_once('C:\\xampp2\\htdoc...')
#12 {main}
ERROR - 2025-09-09 09:46:03 --> Email: Unable to send email using PHP mail(). Your server might not be configured to send mail using this method.
ERROR - 2025-09-09 09:46:03 --> 
ERROR - 2025-09-09 09:46:03 --> Error al enviar correo: Unable to send email using PHP mail(). Your server might not be configured to send mail using this method.<br><pre>Date: Tue, 9 Sep 2025 09:46:01 -0600
From: &quot;ESCARH&quot; &lt;desarrollo@escarh.com&gt;
Return-Path: &lt;desarrollo@escarh.com&gt;
Reply-To: &lt;desarrollo@escarh.com&gt;
User-Agent: CodeIgniter
X-Sender: desarrollo@escarh.com
X-Mailer: CodeIgniter
X-Priority: 3 (Normal)
Message-ID: &lt;68c04bb928a747.76470815@escarh.com&gt;
Mime-Version: 1.0
Content-Type: multipart/alternative; boundary=&quot;B_ALT_68c04bb928a8d8.93997147&quot;
</pre>
ERROR - 2025-09-09 09:47:00 --> Email: sendWithMail throwed ErrorException: mail(): Failed to connect to mailserver at &quot;localhost&quot; port 25, verify your &quot;SMTP&quot; and &quot;smtp_port&quot; setting in php.ini or use ini_set() in C:\xampp2\htdocs\Reposmexico\Web interna\escarh2.0\vendor\codeigniter4\framework\system\Email\Email.php:1764
Stack trace:
#0 [internal function]: CodeIgniter\Debug\Exceptions->errorHandler(2, 'mail(): Failed ...', 'C:\\xampp2\\htdoc...', 1764)
#1 C:\xampp2\htdocs\Reposmexico\Web interna\escarh2.0\vendor\codeigniter4\framework\system\Email\Email.php(1764): mail('programacionart...', '=?UTF-8?Q?Regis...', 'This is a multi...', 'Date: Tue, 9 Se...', '-f desarrollo@e...')
#2 C:\xampp2\htdocs\Reposmexico\Web interna\escarh2.0\vendor\codeigniter4\framework\system\Email\Email.php(1696): CodeIgniter\Email\Email->sendWithMail()
#3 C:\xampp2\htdocs\Reposmexico\Web interna\escarh2.0\vendor\codeigniter4\framework\system\Email\Email.php(1591): CodeIgniter\Email\Email->spoolEmail()
#4 C:\xampp2\htdocs\Reposmexico\Web interna\escarh2.0\app\Controllers\Registros.php(66): CodeIgniter\Email\Email->send()
#5 C:\xampp2\htdocs\Reposmexico\Web interna\escarh2.0\vendor\codeigniter4\framework\system\CodeIgniter.php(933): App\Controllers\Registros->store()
#6 C:\xampp2\htdocs\Reposmexico\Web interna\escarh2.0\vendor\codeigniter4\framework\system\CodeIgniter.php(507): CodeIgniter\CodeIgniter->runController(Object(App\Controllers\Registros))
#7 C:\xampp2\htdocs\Reposmexico\Web interna\escarh2.0\vendor\codeigniter4\framework\system\CodeIgniter.php(354): CodeIgniter\CodeIgniter->handleRequest(NULL, Object(Config\Cache), false)
#8 C:\xampp2\htdocs\Reposmexico\Web interna\escarh2.0\vendor\codeigniter4\framework\system\Boot.php(334): CodeIgniter\CodeIgniter->run()
#9 C:\xampp2\htdocs\Reposmexico\Web interna\escarh2.0\vendor\codeigniter4\framework\system\Boot.php(67): CodeIgniter\Boot::runCodeIgniter(Object(CodeIgniter\CodeIgniter))
#10 C:\xampp2\htdocs\Reposmexico\Web interna\escarh2.0\public\index.php(56): CodeIgniter\Boot::bootWeb(Object(Config\Paths))
#11 C:\xampp2\htdocs\Reposmexico\Web interna\escarh2.0\vendor\codeigniter4\framework\system\rewrite.php(44): require_once('C:\\xampp2\\htdoc...')
#12 {main}
ERROR - 2025-09-09 09:47:00 --> Email: Unable to send email using PHP mail(). Your server might not be configured to send mail using this method.
ERROR - 2025-09-09 09:47:00 --> 
ERROR - 2025-09-09 09:47:00 --> Error al enviar correo: Unable to send email using PHP mail(). Your server might not be configured to send mail using this method.<br><pre>Date: Tue, 9 Sep 2025 09:46:58 -0600
From: &quot;ESCARH&quot; &lt;desarrollo@escarh.com&gt;
Return-Path: &lt;desarrollo@escarh.com&gt;
Reply-To: &lt;desarrollo@escarh.com&gt;
User-Agent: CodeIgniter
X-Sender: desarrollo@escarh.com
X-Mailer: CodeIgniter
X-Priority: 3 (Normal)
Message-ID: &lt;68c04bf20b45d3.06162754@escarh.com&gt;
Mime-Version: 1.0
Content-Type: multipart/alternative; boundary=&quot;B_ALT_68c04bf20b4820.54031880&quot;
</pre>
ERROR - 2025-09-09 09:48:29 --> Email: sendWithMail throwed ErrorException: mail(): Failed to connect to mailserver at &quot;localhost&quot; port 25, verify your &quot;SMTP&quot; and &quot;smtp_port&quot; setting in php.ini or use ini_set() in C:\xampp2\htdocs\Reposmexico\Web interna\escarh2.0\vendor\codeigniter4\framework\system\Email\Email.php:1764
Stack trace:
#0 [internal function]: CodeIgniter\Debug\Exceptions->errorHandler(2, 'mail(): Failed ...', 'C:\\xampp2\\htdoc...', 1764)
#1 C:\xampp2\htdocs\Reposmexico\Web interna\escarh2.0\vendor\codeigniter4\framework\system\Email\Email.php(1764): mail('programacionart...', '=?UTF-8?Q?Regis...', 'This is a multi...', 'Date: Tue, 9 Se...', '-f desarrollo@e...')
#2 C:\xampp2\htdocs\Reposmexico\Web interna\escarh2.0\vendor\codeigniter4\framework\system\Email\Email.php(1696): CodeIgniter\Email\Email->sendWithMail()
#3 C:\xampp2\htdocs\Reposmexico\Web interna\escarh2.0\vendor\codeigniter4\framework\system\Email\Email.php(1591): CodeIgniter\Email\Email->spoolEmail()
#4 C:\xampp2\htdocs\Reposmexico\Web interna\escarh2.0\app\Controllers\Registros.php(66): CodeIgniter\Email\Email->send()
#5 C:\xampp2\htdocs\Reposmexico\Web interna\escarh2.0\vendor\codeigniter4\framework\system\CodeIgniter.php(933): App\Controllers\Registros->store()
#6 C:\xampp2\htdocs\Reposmexico\Web interna\escarh2.0\vendor\codeigniter4\framework\system\CodeIgniter.php(507): CodeIgniter\CodeIgniter->runController(Object(App\Controllers\Registros))
#7 C:\xampp2\htdocs\Reposmexico\Web interna\escarh2.0\vendor\codeigniter4\framework\system\CodeIgniter.php(354): CodeIgniter\CodeIgniter->handleRequest(NULL, Object(Config\Cache), false)
#8 C:\xampp2\htdocs\Reposmexico\Web interna\escarh2.0\vendor\codeigniter4\framework\system\Boot.php(334): CodeIgniter\CodeIgniter->run()
#9 C:\xampp2\htdocs\Reposmexico\Web interna\escarh2.0\vendor\codeigniter4\framework\system\Boot.php(67): CodeIgniter\Boot::runCodeIgniter(Object(CodeIgniter\CodeIgniter))
#10 C:\xampp2\htdocs\Reposmexico\Web interna\escarh2.0\public\index.php(56): CodeIgniter\Boot::bootWeb(Object(Config\Paths))
#11 C:\xampp2\htdocs\Reposmexico\Web interna\escarh2.0\vendor\codeigniter4\framework\system\rewrite.php(44): require_once('C:\\xampp2\\htdoc...')
#12 {main}
ERROR - 2025-09-09 09:48:29 --> Email: Unable to send email using PHP mail(). Your server might not be configured to send mail using this method.
ERROR - 2025-09-09 09:48:29 --> 
ERROR - 2025-09-09 09:48:29 --> Error al enviar correo: Unable to send email using PHP mail(). Your server might not be configured to send mail using this method.<br><pre>Date: Tue, 9 Sep 2025 09:48:27 -0600
From: &quot;ESCARH&quot; &lt;desarrollo@escarh.com&gt;
Return-Path: &lt;desarrollo@escarh.com&gt;
Reply-To: &lt;desarrollo@escarh.com&gt;
User-Agent: CodeIgniter
X-Sender: desarrollo@escarh.com
X-Mailer: CodeIgniter
X-Priority: 3 (Normal)
Message-ID: &lt;68c04c4b8a2899.05971833@escarh.com&gt;
Mime-Version: 1.0
Content-Type: multipart/alternative; boundary=&quot;B_ALT_68c04c4b8a29d1.49411302&quot;
</pre>
ERROR - 2025-09-09 09:53:03 --> Email: sendWithMail throwed ErrorException: mail(): Failed to connect to mailserver at &quot;localhost&quot; port 25, verify your &quot;SMTP&quot; and &quot;smtp_port&quot; setting in php.ini or use ini_set() in C:\xampp2\htdocs\Reposmexico\Web interna\escarh2.0\vendor\codeigniter4\framework\system\Email\Email.php:1764
Stack trace:
#0 [internal function]: CodeIgniter\Debug\Exceptions->errorHandler(2, 'mail(): Failed ...', 'C:\\xampp2\\htdoc...', 1764)
#1 C:\xampp2\htdocs\Reposmexico\Web interna\escarh2.0\vendor\codeigniter4\framework\system\Email\Email.php(1764): mail('programacionart...', '=?UTF-8?Q?Regis...', 'This is a multi...', 'Date: Tue, 9 Se...', '-f desarrollo@e...')
#2 C:\xampp2\htdocs\Reposmexico\Web interna\escarh2.0\vendor\codeigniter4\framework\system\Email\Email.php(1696): CodeIgniter\Email\Email->sendWithMail()
#3 C:\xampp2\htdocs\Reposmexico\Web interna\escarh2.0\vendor\codeigniter4\framework\system\Email\Email.php(1591): CodeIgniter\Email\Email->spoolEmail()
#4 C:\xampp2\htdocs\Reposmexico\Web interna\escarh2.0\app\Controllers\Registros.php(66): CodeIgniter\Email\Email->send()
#5 C:\xampp2\htdocs\Reposmexico\Web interna\escarh2.0\vendor\codeigniter4\framework\system\CodeIgniter.php(933): App\Controllers\Registros->store()
#6 C:\xampp2\htdocs\Reposmexico\Web interna\escarh2.0\vendor\codeigniter4\framework\system\CodeIgniter.php(507): CodeIgniter\CodeIgniter->runController(Object(App\Controllers\Registros))
#7 C:\xampp2\htdocs\Reposmexico\Web interna\escarh2.0\vendor\codeigniter4\framework\system\CodeIgniter.php(354): CodeIgniter\CodeIgniter->handleRequest(NULL, Object(Config\Cache), false)
#8 C:\xampp2\htdocs\Reposmexico\Web interna\escarh2.0\vendor\codeigniter4\framework\system\Boot.php(334): CodeIgniter\CodeIgniter->run()
#9 C:\xampp2\htdocs\Reposmexico\Web interna\escarh2.0\vendor\codeigniter4\framework\system\Boot.php(67): CodeIgniter\Boot::runCodeIgniter(Object(CodeIgniter\CodeIgniter))
#10 C:\xampp2\htdocs\Reposmexico\Web interna\escarh2.0\public\index.php(56): CodeIgniter\Boot::bootWeb(Object(Config\Paths))
#11 C:\xampp2\htdocs\Reposmexico\Web interna\escarh2.0\vendor\codeigniter4\framework\system\rewrite.php(44): require_once('C:\\xampp2\\htdoc...')
#12 {main}
ERROR - 2025-09-09 09:53:03 --> Email: Unable to send email using PHP mail(). Your server might not be configured to send mail using this method.
ERROR - 2025-09-09 09:53:03 --> 
ERROR - 2025-09-09 09:53:03 --> Error al enviar correo: Unable to send email using PHP mail(). Your server might not be configured to send mail using this method.<br><pre>Date: Tue, 9 Sep 2025 09:53:01 -0600
From: &quot;ESCARH&quot; &lt;desarrollo@escarh.com&gt;
Return-Path: &lt;desarrollo@escarh.com&gt;
Reply-To: &lt;desarrollo@escarh.com&gt;
User-Agent: CodeIgniter
X-Sender: desarrollo@escarh.com
X-Mailer: CodeIgniter
X-Priority: 3 (Normal)
Message-ID: &lt;68c04d5d92c862.98821035@escarh.com&gt;
Mime-Version: 1.0
Content-Type: multipart/alternative; boundary=&quot;B_ALT_68c04d5d92c9f7.87547193&quot;
</pre>
CRITICAL - 2025-09-09 10:13:21 --> ErrorException: Maximum execution time of 60 seconds exceeded
[Method: POST, Route: registro/store]
in SYSTEMPATH\Debug\Exceptions.php on line 208.
 1 [internal function]: CodeIgniter\Debug\Exceptions->shutdownHandler()
ERROR - 2025-09-09 10:13:56 --> Email: sendWithMail throwed ErrorException: mail(): Failed to connect to mailserver at &quot;localhost&quot; port 25, verify your &quot;SMTP&quot; and &quot;smtp_port&quot; setting in php.ini or use ini_set() in C:\xampp2\htdocs\Reposmexico\Web interna\escarh2.0\vendor\codeigniter4\framework\system\Email\Email.php:1764
Stack trace:
#0 [internal function]: CodeIgniter\Debug\Exceptions->errorHandler(2, 'mail(): Failed ...', 'C:\\xampp2\\htdoc...', 1764)
#1 C:\xampp2\htdocs\Reposmexico\Web interna\escarh2.0\vendor\codeigniter4\framework\system\Email\Email.php(1764): mail('programacionart...', '=?UTF-8?Q?Regis...', 'This is a multi...', 'Date: Tue, 9 Se...', '-f desarrollo@e...')
#2 C:\xampp2\htdocs\Reposmexico\Web interna\escarh2.0\vendor\codeigniter4\framework\system\Email\Email.php(1696): CodeIgniter\Email\Email->sendWithMail()
#3 C:\xampp2\htdocs\Reposmexico\Web interna\escarh2.0\vendor\codeigniter4\framework\system\Email\Email.php(1591): CodeIgniter\Email\Email->spoolEmail()
#4 C:\xampp2\htdocs\Reposmexico\Web interna\escarh2.0\app\Controllers\Registros.php(66): CodeIgniter\Email\Email->send()
#5 C:\xampp2\htdocs\Reposmexico\Web interna\escarh2.0\vendor\codeigniter4\framework\system\CodeIgniter.php(933): App\Controllers\Registros->store()
#6 C:\xampp2\htdocs\Reposmexico\Web interna\escarh2.0\vendor\codeigniter4\framework\system\CodeIgniter.php(507): CodeIgniter\CodeIgniter->runController(Object(App\Controllers\Registros))
#7 C:\xampp2\htdocs\Reposmexico\Web interna\escarh2.0\vendor\codeigniter4\framework\system\CodeIgniter.php(354): CodeIgniter\CodeIgniter->handleRequest(NULL, Object(Config\Cache), false)
#8 C:\xampp2\htdocs\Reposmexico\Web interna\escarh2.0\vendor\codeigniter4\framework\system\Boot.php(334): CodeIgniter\CodeIgniter->run()
#9 C:\xampp2\htdocs\Reposmexico\Web interna\escarh2.0\vendor\codeigniter4\framework\system\Boot.php(67): CodeIgniter\Boot::runCodeIgniter(Object(CodeIgniter\CodeIgniter))
#10 C:\xampp2\htdocs\Reposmexico\Web interna\escarh2.0\public\index.php(56): CodeIgniter\Boot::bootWeb(Object(Config\Paths))
#11 C:\xampp2\htdocs\Reposmexico\Web interna\escarh2.0\vendor\codeigniter4\framework\system\rewrite.php(44): require_once('C:\\xampp2\\htdoc...')
#12 {main}
ERROR - 2025-09-09 10:13:56 --> Email: Unable to send email using PHP mail(). Your server might not be configured to send mail using this method.
ERROR - 2025-09-09 10:13:56 --> 
ERROR - 2025-09-09 10:13:56 --> Error al enviar correo: Unable to send email using PHP mail(). Your server might not be configured to send mail using this method.<br><pre>Date: Tue, 9 Sep 2025 10:13:54 -0600
From: &quot;ESCARH&quot; &lt;desarrollo@escarh.com&gt;
Return-Path: &lt;desarrollo@escarh.com&gt;
Reply-To: &lt;desarrollo@escarh.com&gt;
User-Agent: CodeIgniter
X-Sender: desarrollo@escarh.com
X-Mailer: CodeIgniter
X-Priority: 3 (Normal)
Message-ID: &lt;68c0524297fdd6.14435060@escarh.com&gt;
Mime-Version: 1.0
Content-Type: multipart/alternative; boundary=&quot;B_ALT_68c0524297ff35.84419627&quot;
</pre>
CRITICAL - 2025-09-09 10:15:38 --> CodeIgniter\Exceptions\ConfigException: Invalid DBDriver name: "PostgreSQL"
[Method: POST, Route: registro/store]
in SYSTEMPATH\Database\Database.php on line 172.
 1 SYSTEMPATH\Database\Database.php(59): CodeIgniter\Database\Database->checkDbExtension('PostgreSQL')
 2 SYSTEMPATH\Database\Config.php(84): CodeIgniter\Database\Database->load([...], 'default')
 3 SYSTEMPATH\Model.php(155): CodeIgniter\Database\Config::connect('default')
 4 APPPATH\Controllers\Registros.php(31): CodeIgniter\Model->__construct()
 5 SYSTEMPATH\CodeIgniter.php(933): App\Controllers\Registros->store()
 6 SYSTEMPATH\CodeIgniter.php(507): CodeIgniter\CodeIgniter->runController(Object(App\Controllers\Registros))
 7 SYSTEMPATH\CodeIgniter.php(354): CodeIgniter\CodeIgniter->handleRequest(null, Object(Config\Cache), false)
 8 SYSTEMPATH\Boot.php(334): CodeIgniter\CodeIgniter->run()
 9 SYSTEMPATH\Boot.php(67): CodeIgniter\Boot::runCodeIgniter(Object(CodeIgniter\CodeIgniter))
10 FCPATH\index.php(56): CodeIgniter\Boot::bootWeb(Object(Config\Paths))
11 SYSTEMPATH\rewrite.php(44): require_once('C:\\xampp2\\htdocs\\Reposmexico\\Web interna\\escarh2.0\\public\\index.php')
ERROR - 2025-09-09 10:33:40 --> ErrorException: pg_query(): Query failed: ERROR:  la columna «usuario_idcv» es de tipo integer pero la expresión es de tipo boolean
LINE 1: ...suario_idcv&quot;, &quot;created_at&quot;, &quot;updated_at&quot;) VALUES (FALSE, '20...
                                                             ^
HINT:  Necesitará reescribir la expresión o aplicarle una conversión de tipo. in C:\xampp2\htdocs\Reposmexico\Web interna\escarh2.0\vendor\codeigniter4\framework\system\Database\Postgre\Connection.php:206
Stack trace:
#0 [internal function]: CodeIgniter\Debug\Exceptions->errorHandler(2, 'pg_query(): Que...', 'C:\\xampp2\\htdoc...', 206)
#1 C:\xampp2\htdocs\Reposmexico\Web interna\escarh2.0\vendor\codeigniter4\framework\system\Database\Postgre\Connection.php(206): pg_query(Object(PgSql\Connection), 'INSERT INTO "pe...')
#2 C:\xampp2\htdocs\Reposmexico\Web interna\escarh2.0\vendor\codeigniter4\framework\system\Database\BaseConnection.php(738): CodeIgniter\Database\Postgre\Connection->execute('INSERT INTO "pe...')
#3 C:\xampp2\htdocs\Reposmexico\Web interna\escarh2.0\vendor\codeigniter4\framework\system\Database\BaseConnection.php(652): CodeIgniter\Database\BaseConnection->simpleQuery('INSERT INTO "pe...')
#4 C:\xampp2\htdocs\Reposmexico\Web interna\escarh2.0\vendor\codeigniter4\framework\system\Database\BaseBuilder.php(2345): CodeIgniter\Database\BaseConnection->query('INSERT INTO "pe...', Array, false)
#5 C:\xampp2\htdocs\Reposmexico\Web interna\escarh2.0\vendor\codeigniter4\framework\system\Model.php(394): CodeIgniter\Database\BaseBuilder->insert()
#6 C:\xampp2\htdocs\Reposmexico\Web interna\escarh2.0\vendor\codeigniter4\framework\system\BaseModel.php(839): CodeIgniter\Model->doInsert(Array)
#7 C:\xampp2\htdocs\Reposmexico\Web interna\escarh2.0\vendor\codeigniter4\framework\system\Model.php(800): CodeIgniter\BaseModel->insert(Array, true)
#8 C:\xampp2\htdocs\Reposmexico\Web interna\escarh2.0\app\Controllers\Registros.php(69): CodeIgniter\Model->insert(Array)
#9 C:\xampp2\htdocs\Reposmexico\Web interna\escarh2.0\vendor\codeigniter4\framework\system\CodeIgniter.php(933): App\Controllers\Registros->store()
#10 C:\xampp2\htdocs\Reposmexico\Web interna\escarh2.0\vendor\codeigniter4\framework\system\CodeIgniter.php(507): CodeIgniter\CodeIgniter->runController(Object(App\Controllers\Registros))
#11 C:\xampp2\htdocs\Reposmexico\Web interna\escarh2.0\vendor\codeigniter4\framework\system\CodeIgniter.php(354): CodeIgniter\CodeIgniter->handleRequest(NULL, Object(Config\Cache), false)
#12 C:\xampp2\htdocs\Reposmexico\Web interna\escarh2.0\vendor\codeigniter4\framework\system\Boot.php(334): CodeIgniter\CodeIgniter->run()
#13 C:\xampp2\htdocs\Reposmexico\Web interna\escarh2.0\vendor\codeigniter4\framework\system\Boot.php(67): CodeIgniter\Boot::runCodeIgniter(Object(CodeIgniter\CodeIgniter))
#14 C:\xampp2\htdocs\Reposmexico\Web interna\escarh2.0\public\index.php(56): CodeIgniter\Boot::bootWeb(Object(Config\Paths))
#15 C:\xampp2\htdocs\Reposmexico\Web interna\escarh2.0\vendor\codeigniter4\framework\system\rewrite.php(44): require_once('C:\\xampp2\\htdoc...')
#16 {main}
ERROR - 2025-09-09 10:33:40 --> Excepción al enviar correo: pg_query(): Query failed: ERROR:  la columna «usuario_idcv» es de tipo integer pero la expresión es de tipo boolean
LINE 1: ...suario_idcv&quot;, &quot;created_at&quot;, &quot;updated_at&quot;) VALUES (FALSE, '20...
                                                             ^
HINT:  Necesitará reescribir la expresión o aplicarle una conversión de tipo.
ERROR - 2025-09-09 10:39:20 --> ErrorException: pg_query(): Query failed: ERROR:  la columna «usuario_idcv» es de tipo integer pero la expresión es de tipo boolean
LINE 1: ...suario_idcv&quot;, &quot;created_at&quot;, &quot;updated_at&quot;) VALUES (FALSE, '20...
                                                             ^
HINT:  Necesitará reescribir la expresión o aplicarle una conversión de tipo. in C:\xampp2\htdocs\Reposmexico\Web interna\escarh2.0\vendor\codeigniter4\framework\system\Database\Postgre\Connection.php:206
Stack trace:
#0 [internal function]: CodeIgniter\Debug\Exceptions->errorHandler(2, 'pg_query(): Que...', 'C:\\xampp2\\htdoc...', 206)
#1 C:\xampp2\htdocs\Reposmexico\Web interna\escarh2.0\vendor\codeigniter4\framework\system\Database\Postgre\Connection.php(206): pg_query(Object(PgSql\Connection), 'INSERT INTO "pe...')
#2 C:\xampp2\htdocs\Reposmexico\Web interna\escarh2.0\vendor\codeigniter4\framework\system\Database\BaseConnection.php(738): CodeIgniter\Database\Postgre\Connection->execute('INSERT INTO "pe...')
#3 C:\xampp2\htdocs\Reposmexico\Web interna\escarh2.0\vendor\codeigniter4\framework\system\Database\BaseConnection.php(652): CodeIgniter\Database\BaseConnection->simpleQuery('INSERT INTO "pe...')
#4 C:\xampp2\htdocs\Reposmexico\Web interna\escarh2.0\vendor\codeigniter4\framework\system\Database\BaseBuilder.php(2345): CodeIgniter\Database\BaseConnection->query('INSERT INTO "pe...', Array, false)
#5 C:\xampp2\htdocs\Reposmexico\Web interna\escarh2.0\vendor\codeigniter4\framework\system\Model.php(394): CodeIgniter\Database\BaseBuilder->insert()
#6 C:\xampp2\htdocs\Reposmexico\Web interna\escarh2.0\vendor\codeigniter4\framework\system\BaseModel.php(839): CodeIgniter\Model->doInsert(Array)
#7 C:\xampp2\htdocs\Reposmexico\Web interna\escarh2.0\vendor\codeigniter4\framework\system\Model.php(800): CodeIgniter\BaseModel->insert(Array, true)
#8 C:\xampp2\htdocs\Reposmexico\Web interna\escarh2.0\app\Controllers\Registros.php(69): CodeIgniter\Model->insert(Array)
#9 C:\xampp2\htdocs\Reposmexico\Web interna\escarh2.0\vendor\codeigniter4\framework\system\CodeIgniter.php(933): App\Controllers\Registros->store()
#10 C:\xampp2\htdocs\Reposmexico\Web interna\escarh2.0\vendor\codeigniter4\framework\system\CodeIgniter.php(507): CodeIgniter\CodeIgniter->runController(Object(App\Controllers\Registros))
#11 C:\xampp2\htdocs\Reposmexico\Web interna\escarh2.0\vendor\codeigniter4\framework\system\CodeIgniter.php(354): CodeIgniter\CodeIgniter->handleRequest(NULL, Object(Config\Cache), false)
#12 C:\xampp2\htdocs\Reposmexico\Web interna\escarh2.0\vendor\codeigniter4\framework\system\Boot.php(334): CodeIgniter\CodeIgniter->run()
#13 C:\xampp2\htdocs\Reposmexico\Web interna\escarh2.0\vendor\codeigniter4\framework\system\Boot.php(67): CodeIgniter\Boot::runCodeIgniter(Object(CodeIgniter\CodeIgniter))
#14 C:\xampp2\htdocs\Reposmexico\Web interna\escarh2.0\public\index.php(56): CodeIgniter\Boot::bootWeb(Object(Config\Paths))
#15 C:\xampp2\htdocs\Reposmexico\Web interna\escarh2.0\vendor\codeigniter4\framework\system\rewrite.php(44): require_once('C:\\xampp2\\htdoc...')
#16 {main}
ERROR - 2025-09-09 10:39:20 --> Excepción al enviar correo: pg_query(): Query failed: ERROR:  la columna «usuario_idcv» es de tipo integer pero la expresión es de tipo boolean
LINE 1: ...suario_idcv&quot;, &quot;created_at&quot;, &quot;updated_at&quot;) VALUES (FALSE, '20...
                                                             ^
HINT:  Necesitará reescribir la expresión o aplicarle una conversión de tipo.
